{
    "tests": [
        {
            "name": "setup",
            "setup": "",
            "run": "mkdir -p cmake-build-debug; cd cmake-build-debug; cmake ../ && CTEST_OUTPUT_ON_FAILURE=1 cmake --build . -j 9",
            "input": "",
            "output": "",
            "comparison": "included",
            "timeout": 10,
            "points": 0
        },
        {
            "name": "IX_File_Test.create_open_close_destory_index",
            "setup": "",
            "run": "cd cmake-build-debug && CTEST_OUTPUT_ON_FAILURE=1 ctest . --no-tests=error -R ^IX_File_Test.create_open_close_destory_index$",
            "input": "",
            "output": "",
            "comparison": "included",
            "timeout": 1,
            "points": 3
        },
        {
            "name": "IX_Test.insert_one_entry_and_print",
            "setup": "",
            "run": "cd cmake-build-debug && CTEST_OUTPUT_ON_FAILURE=1 ctest . --no-tests=error -R ^IX_Test.insert_one_entry_and_print$",
            "input": "",
            "output": "",
            "comparison": "included",
            "timeout": 1,
            "points": 3
        },
        {
            "name": "IX_Test.insert_one_entry_and_scan",
            "setup": "",
            "run": "cd cmake-build-debug && CTEST_OUTPUT_ON_FAILURE=1 ctest . --no-tests=error -R ^IX_Test.insert_one_entry_and_scan$",
            "input": "",
            "output": "",
            "comparison": "included",
            "timeout": 1,
            "points": 3
        },
        {
            "name": "IX_Test.insert_and_delete_one_entry",
            "setup": "",
            "run": "cd cmake-build-debug && CTEST_OUTPUT_ON_FAILURE=1 ctest . --no-tests=error -R ^IX_Test.insert_and_delete_one_entry$",
            "input": "",
            "output": "",
            "comparison": "included",
            "timeout": 1,
            "points": 3
        },
        {
            "name": "IX_Test.scan_on_destroyed_index",
            "setup": "",
            "run": "cd cmake-build-debug && CTEST_OUTPUT_ON_FAILURE=1 ctest . --no-tests=error -R ^IX_Test.scan_on_destroyed_index$",
            "input": "",
            "output": "",
            "comparison": "included",
            "timeout": 1,
            "points": 3
        },
        {
            "name": "IX_Test.scan_by_NO_OP",
            "setup": "",
            "run": "cd cmake-build-debug && CTEST_OUTPUT_ON_FAILURE=1 ctest . --no-tests=error -R ^IX_Test.scan_by_NO_OP$",
            "input": "",
            "output": "",
            "comparison": "included",
            "timeout": 5,
            "points": 4
        },
        {
            "name": "IX_Test.scan_by_GE_OP",
            "setup": "",
            "run": "cd cmake-build-debug && CTEST_OUTPUT_ON_FAILURE=1 ctest . --no-tests=error -R ^IX_Test.scan_by_GE_OP$",
            "input": "",
            "output": "",
            "comparison": "included",
            "timeout": 5,
            "points": 4
        },
        {
            "name": "IX_Test.scan_by_LT_OP",
            "setup": "",
            "run": "cd cmake-build-debug && CTEST_OUTPUT_ON_FAILURE=1 ctest . --no-tests=error -R ^IX_Test.scan_by_LT_OP$",
            "input": "",
            "output": "",
            "comparison": "included",
            "timeout": 5,
            "points": 4
        },
        {
            "name": "IX_Test.scan_by_EQ_OP",
            "setup": "",
            "run": "cd cmake-build-debug && CTEST_OUTPUT_ON_FAILURE=1 ctest . --no-tests=error -R ^IX_Test.scan_by_EQ_OP$",
            "input": "",
            "output": "",
            "comparison": "included",
            "timeout": 5,
            "points": 4
        },
        {
            "name": "IX_Test.scan_on_reinserted_entries",
            "setup": "",
            "run": "cd cmake-build-debug && CTEST_OUTPUT_ON_FAILURE=1 ctest . --no-tests=error -R ^IX_Test.scan_on_reinserted_entries$",
            "input": "",
            "output": "",
            "comparison": "included",
            "timeout": 15,
            "points": 4
        },
        {
            "name": "IX_Test.scan_to_delete_entries",
            "setup": "",
            "run": "cd cmake-build-debug && CTEST_OUTPUT_ON_FAILURE=1 ctest . --no-tests=error -R ^IX_Test.scan_to_delete_entries$",
            "input": "",
            "output": "",
            "comparison": "included",
            "timeout": 15,
            "points": 4
        },
        {
            "name": "IX_Test.scan_varchar_with_compact_size",
            "setup": "",
            "run": "cd cmake-build-debug && CTEST_OUTPUT_ON_FAILURE=1 ctest . --no-tests=error -R ^IX_Test.scan_varchar_with_compact_size$",
            "input": "",
            "output": "",
            "comparison": "included",
            "timeout": 15,
            "points": 4
        },
        {
            "name": "IX_Test.split_rotate_and_promote_on_insertion",
            "setup": "",
            "run": "cd cmake-build-debug && CTEST_OUTPUT_ON_FAILURE=1 ctest . --no-tests=error -R ^IX_Test.split_rotate_and_promote_on_insertion$",
            "input": "",
            "output": "",
            "comparison": "included",
            "timeout": 2,
            "points": 4
        },
        {
            "name": "IX_Test.duplicate_keys_in_one_page",
            "setup": "",
            "run": "cd cmake-build-debug && CTEST_OUTPUT_ON_FAILURE=1 ctest . --no-tests=error -R ^IX_Test.duplicate_keys_in_one_page$",
            "input": "",
            "output": "",
            "comparison": "included",
            "timeout": 2,
            "points": 3
        },
        {
            "name": "IX_Test.extra_duplicate_keys_span_multiple_pages",
            "setup": "",
            "run": "cd cmake-build-debug && CTEST_OUTPUT_ON_FAILURE=1 ctest . --no-tests=error -R ^IX_Test.extra_duplicate_keys_span_multiple_pages$",
            "input": "",
            "output": "",
            "comparison": "included",
            "timeout": 5,
            "points": 2.5
        },
        {
            "name": "IX_Test.extra_merge_on_deletion",
            "setup": "",
            "run": "cd cmake-build-debug && CTEST_OUTPUT_ON_FAILURE=1 ctest . --no-tests=error -R ^IX_Test.extra_merge_on_deletion$",
            "input": "",
            "output": "",
            "comparison": "included",
            "timeout": 2,
            "points": 5
        },
        {
            "name": "IX_Private_Test.multiple_indexes_at_the_same_time",
            "setup": "",
            "run": "cd cmake-build-debug && CTEST_OUTPUT_ON_FAILURE=1 ctest . --no-tests=error -R ^IX_Private_Test.multiple_indexes_at_the_same_time$",
            "input": "",
            "output": "",
            "comparison": "included",
            "timeout": 2,
            "points": 6
        },
        {
            "name": "IX_Private_Test.scan_and_delete_and_reinsert",
            "setup": "",
            "run": "cd cmake-build-debug && CTEST_OUTPUT_ON_FAILURE=1 ctest . --no-tests=error -R ^IX_Private_Test.scan_and_delete_and_reinsert$",
            "input": "",
            "output": "",
            "comparison": "included",
            "timeout": 5,
            "points": 6
        },
        {
            "name": "IX_Private_Test.varchar_scan",
            "setup": "",
            "run": "cd cmake-build-debug && CTEST_OUTPUT_ON_FAILURE=1 ctest . --no-tests=error -R ^IX_Private_Test.varchar_scan$",
            "input": "",
            "output": "",
            "comparison": "included",
            "timeout": 10,
            "points": 7
        },
        {
            "name": "IX_Private_Test.varchar_scan_range",
            "setup": "",
            "run": "cd cmake-build-debug && CTEST_OUTPUT_ON_FAILURE=1 ctest . --no-tests=error -R ^IX_Private_Test.varchar_scan_range$",
            "input": "",
            "output": "",
            "comparison": "included",
            "timeout": 10,
            "points": 7
        },
        {
            "name": "IX_Private_Test.varchar_compact",
            "setup": "",
            "run": "cd cmake-build-debug && CTEST_OUTPUT_ON_FAILURE=1 ctest . --no-tests=error -R ^IX_Private_Test.varchar_compact$",
            "input": "",
            "output": "",
            "comparison": "included",
            "timeout": 10,
            "points": 7
        },
        {
            "name": "IX_Private_Test.duplicate_varchar_in_one_page",
            "setup": "",
            "run": "cd cmake-build-debug && CTEST_OUTPUT_ON_FAILURE=1 ctest . --no-tests=error -R ^IX_Private_Test.duplicate_varchar_in_one_page$",
            "input": "",
            "output": "",
            "comparison": "included",
            "timeout": 5,
            "points": 7
        },
        {
            "name": "IX_Private_Test.extra_duplicate_keys_span_multiple_pages",
            "setup": "",
            "run": "cd cmake-build-debug && CTEST_OUTPUT_ON_FAILURE=1 ctest . --no-tests=error -R ^IX_Private_Test.extra_duplicate_keys_span_multiple_pages$",
            "input": "",
            "output": "",
            "comparison": "included",
            "timeout": 5,
            "points": 2.5
        },
        {
            "name": "IX_Private_Test.extra_merge_on_deletion",
            "setup": "",
            "run": "cd cmake-build-debug && CTEST_OUTPUT_ON_FAILURE=1 ctest . --no-tests=error -R ^IX_Private_Test.extra_merge_on_deletion$",
            "input": "",
            "output": "",
            "comparison": "included",
            "timeout": 5,
            "points": 5
        }
    ]
}