{
    "tests": [
        {
            "name": "setup",
            "setup": "",
            "run": "mkdir -p cmake-build-debug; cd cmake-build-debug; cmake ../ && CTEST_OUTPUT_ON_FAILURE=1 cmake --build . -j 9",
            "input": "",
            "output": "",
            "comparison": "included",
            "timeout": 10,
            "points": 0
        },
        {
            "name": "PFM_File_Test.create_file",
            "setup": "",
            "run": "cd cmake-build-debug && CTEST_OUTPUT_ON_FAILURE=1 ctest . --no-tests=error -R ^PFM_File_Test.create_file$",
            "input": "",
            "output": "",
            "comparison": "included",
            "timeout": 1,
            "points": 0
        },
        {
            "name": "PFM_File_Test.create_existing_file",
            "setup": "",
            "run": "cd cmake-build-debug && CTEST_OUTPUT_ON_FAILURE=1 ctest . --no-tests=error -R ^PFM_File_Test.create_existing_file$",
            "input": "",
            "output": "",
            "comparison": "included",
            "timeout": 1,
            "points": 0
        },
        {
            "name": "PFM_File_Test.destroy_file",
            "setup": "",
            "run": "cd cmake-build-debug && CTEST_OUTPUT_ON_FAILURE=1 ctest . --no-tests=error -R ^PFM_File_Test.destroy_file$",
            "input": "",
            "output": "",
            "comparison": "included",
            "timeout": 1,
            "points": 0
        },
        {
            "name": "PFM_File_Test.destroy_nonexistent_file",
            "setup": "",
            "run": "cd cmake-build-debug && CTEST_OUTPUT_ON_FAILURE=1 ctest . --no-tests=error -R ^PFM_File_Test.destroy_nonexistent_file$",
            "input": "",
            "output": "",
            "comparison": "included",
            "timeout": 1,
            "points": 0
        },
        {
            "name": "PFM_File_Test.open_and_close_file",
            "setup": "",
            "run": "cd cmake-build-debug && CTEST_OUTPUT_ON_FAILURE=1 ctest . --no-tests=error -R ^PFM_File_Test.open_and_close_file$",
            "input": "",
            "output": "",
            "comparison": "included",
            "timeout": 1,
            "points": 0
        },
        {
            "name": "PFM_Page_Test.get_page_numbers",
            "setup": "",
            "run": "cd cmake-build-debug && CTEST_OUTPUT_ON_FAILURE=1 ctest . --no-tests=error -R ^PFM_Page_Test.get_page_numbers$",
            "input": "",
            "output": "",
            "comparison": "included",
            "timeout": 1,
            "points": 0
        },
        {
            "name": "PFM_Page_Test.read_nonexistent_page",
            "setup": "",
            "run": "cd cmake-build-debug && CTEST_OUTPUT_ON_FAILURE=1 ctest . --no-tests=error -R ^PFM_Page_Test.read_nonexistent_page$",
            "input": "",
            "output": "",
            "comparison": "included",
            "timeout": 1,
            "points": 0
        },
        {
            "name": "PFM_Page_Test.append_and_read_pages",
            "setup": "",
            "run": "cd cmake-build-debug && CTEST_OUTPUT_ON_FAILURE=1 ctest . --no-tests=error -R ^PFM_Page_Test.append_and_read_pages$",
            "input": "",
            "output": "",
            "comparison": "included",
            "timeout": 1,
            "points": 0
        },
        {
            "name": "PFM_Page_Test.write_nonexistent_page",
            "setup": "",
            "run": "cd cmake-build-debug && CTEST_OUTPUT_ON_FAILURE=1 ctest . --no-tests=error -R ^PFM_Page_Test.write_nonexistent_page$",
            "input": "",
            "output": "",
            "comparison": "included",
            "timeout": 1,
            "points": 0
        },
        {
            "name": "PFM_Page_Test.write_and_read_pages",
            "setup": "",
            "run": "cd cmake-build-debug && CTEST_OUTPUT_ON_FAILURE=1 ctest . --no-tests=error -R ^PFM_Page_Test.write_and_read_pages$",
            "input": "",
            "output": "",
            "comparison": "included",
            "timeout": 1,
            "points": 0
        },
        {
            "name": "PFM_Page_Test.append_and_write_and_read_pages",
            "setup": "",
            "run": "cd cmake-build-debug && CTEST_OUTPUT_ON_FAILURE=1 ctest . --no-tests=error -R ^PFM_Page_Test.append_and_write_and_read_pages$",
            "input": "",
            "output": "",
            "comparison": "included",
            "timeout": 1,
            "points": 0
        },
        {
            "name": "RBFM_Test.insert_and_read_a_record",
            "setup": "",
            "run": "cd cmake-build-debug && CTEST_OUTPUT_ON_FAILURE=1 ctest . --no-tests=error -R ^RBFM_Test.insert_and_read_a_record$",
            "input": "",
            "output": "",
            "comparison": "included",
            "timeout": 1,
            "points": 0
        },
        {
            "name": "RBFM_Test.insert_and_read_a_record_with_null",
            "setup": "",
            "run": "cd cmake-build-debug && CTEST_OUTPUT_ON_FAILURE=1 ctest . --no-tests=error -R ^RBFM_Test.insert_and_read_a_record_with_null$",
            "input": "",
            "output": "",
            "comparison": "included",
            "timeout": 1,
            "points": 0
        },
        {
            "name": "RBFM_Test.insert_and_read_multiple_records",
            "setup": "",
            "run": "cd cmake-build-debug && CTEST_OUTPUT_ON_FAILURE=1 ctest . --no-tests=error -R ^RBFM_Test.insert_and_read_multiple_records$",
            "input": "",
            "output": "",
            "comparison": "included",
            "timeout": 1,
            "points": 0
        },
        {
            "name": "RBFM_Test.insert_and_read_massive_records",
            "setup": "",
            "run": "cd cmake-build-debug && CTEST_OUTPUT_ON_FAILURE=1 ctest . --no-tests=error -R ^RBFM_Test.insert_and_read_massive_records$",
            "input": "",
            "output": "",
            "comparison": "included",
            "timeout": 2,
            "points": 0
        },
        {
            "name": "RBFM_Test.delete_records",
            "setup": "",
            "run": "cd cmake-build-debug && CTEST_OUTPUT_ON_FAILURE=1 ctest . --no-tests=error -R ^RBFM_Test.delete_records$",
            "input": "",
            "output": "",
            "comparison": "included",
            "timeout": 1,
            "points": 0
        },
        {
            "name": "RBFM_Test.update_records",
            "setup": "",
            "run": "cd cmake-build-debug && CTEST_OUTPUT_ON_FAILURE=1 ctest . --no-tests=error -R ^RBFM_Test.update_records$",
            "input": "",
            "output": "",
            "comparison": "included",
            "timeout": 1,
            "points": 0
        },
        {
            "name": "RM_Catalog_Test.create_and_delete_tables",
            "setup": "",
            "run": "cd cmake-build-debug && CTEST_OUTPUT_ON_FAILURE=1 ctest . --no-tests=error -R ^RM_Catalog_Test.create_and_delete_tables$",
            "input": "",
            "output": "",
            "comparison": "included",
            "timeout": 1,
            "points": 0
        },
        {
            "name": "RM_Tuple_Test.get_attributes",
            "setup": "",
            "run": "cd cmake-build-debug && CTEST_OUTPUT_ON_FAILURE=1 ctest . --no-tests=error -R ^RM_Tuple_Test.get_attributes$",
            "input": "",
            "output": "",
            "comparison": "included",
            "timeout": 1,
            "points": 0
        },
        {
            "name": "RM_Tuple_Test.insert_and_read_tuple",
            "setup": "",
            "run": "cd cmake-build-debug && CTEST_OUTPUT_ON_FAILURE=1 ctest . --no-tests=error -R ^RM_Tuple_Test.insert_and_read_tuple$",
            "input": "",
            "output": "",
            "comparison": "included",
            "timeout": 1,
            "points": 0
        },
        {
            "name": "RM_Tuple_Test.insert_and_delete_and_read_tuple",
            "setup": "",
            "run": "cd cmake-build-debug && CTEST_OUTPUT_ON_FAILURE=1 ctest . --no-tests=error -R ^RM_Tuple_Test.insert_and_delete_and_read_tuple$",
            "input": "",
            "output": "",
            "comparison": "included",
            "timeout": 1,
            "points": 0
        },
        {
            "name": "RM_Tuple_Test.insert_and_update_and_read_tuple",
            "setup": "",
            "run": "cd cmake-build-debug && CTEST_OUTPUT_ON_FAILURE=1 ctest . --no-tests=error -R ^RM_Tuple_Test.insert_and_update_and_read_tuple$",
            "input": "",
            "output": "",
            "comparison": "included",
            "timeout": 1,
            "points": 0
        },
        {
            "name": "RM_Tuple_Test.read_attribute",
            "setup": "",
            "run": "cd cmake-build-debug && CTEST_OUTPUT_ON_FAILURE=1 ctest . --no-tests=error -R ^RM_Tuple_Test.read_attribute$",
            "input": "",
            "output": "",
            "comparison": "included",
            "timeout": 1,
            "points": 0
        },
        {
            "name": "RM_Tuple_Test.delete_table",
            "setup": "",
            "run": "cd cmake-build-debug && CTEST_OUTPUT_ON_FAILURE=1 ctest . --no-tests=error -R ^RM_Tuple_Test.delete_table$",
            "input": "",
            "output": "",
            "comparison": "included",
            "timeout": 1,
            "points": 0
        },
        {
            "name": "RM_Scan_Test.simple_scan",
            "setup": "",
            "run": "cd cmake-build-debug && CTEST_OUTPUT_ON_FAILURE=1 ctest . --no-tests=error -R ^RM_Scan_Test.simple_scan$",
            "input": "",
            "output": "",
            "comparison": "included",
            "timeout": 1,
            "points": 0
        },
        {
            "name": "RM_Scan_Test.simple_scan_after_table_deletion",
            "setup": "",
            "run": "cd cmake-build-debug && CTEST_OUTPUT_ON_FAILURE=1 ctest . --no-tests=error -R ^RM_Scan_Test.simple_scan_after_table_deletion$",
            "input": "",
            "output": "",
            "comparison": "included",
            "timeout": 1,
            "points": 0
        },
        {
            "name": "RM_Large_Table_Test.insert_large_tuples",
            "setup": "",
            "run": "cd cmake-build-debug && CTEST_OUTPUT_ON_FAILURE=1 ctest . --no-tests=error -R ^RM_Large_Table_Test.insert_large_tuples$",
            "input": "",
            "output": "",
            "comparison": "included",
            "timeout": 1,
            "points": 0
        },
        {
            "name": "RM_Large_Table_Test.read_large_tuples",
            "setup": "",
            "run": "cd cmake-build-debug && CTEST_OUTPUT_ON_FAILURE=1 ctest . --no-tests=error -R ^RM_Large_Table_Test.read_large_tuples $",
            "input": "",
            "output": "",
            "comparison": "included",
            "timeout": 1,
            "points": 0
        },
        {
            "name": "RM_Large_Table_Test.update_and_read_large_tuples",
            "setup": "",
            "run": "cd cmake-build-debug && CTEST_OUTPUT_ON_FAILURE=1 ctest . --no-tests=error -R ^RM_Large_Table_Test.update_and_read_large_tuples$",
            "input": "",
            "output": "",
            "comparison": "included",
            "timeout": 1,
            "points": 0
        },
        {
            "name": "RM_Large_Table_Test.delete_and_read_large_tuples",
            "setup": "",
            "run": "cd cmake-build-debug && CTEST_OUTPUT_ON_FAILURE=1 ctest . --no-tests=error -R ^RM_Large_Table_Test.delete_and_read_large_tuples$",
            "input": "",
            "output": "",
            "comparison": "included",
            "timeout": 1,
            "points": 0
        },
        {
            "name": "RM_Large_Table_Test.scan_large_tuples",
            "setup": "",
            "run": "cd cmake-build-debug && CTEST_OUTPUT_ON_FAILURE=1 ctest . --no-tests=error -R ^RM_Large_Table_Test.scan_large_tuples$",
            "input": "",
            "output": "",
            "comparison": "included",
            "timeout": 1,
            "points": 0
        },
        {
            "name": "RM_Scan_Test.conditional_scan",
            "setup": "",
            "run": "cd cmake-build-debug && CTEST_OUTPUT_ON_FAILURE=1 ctest . --no-tests=error -R ^RM_Scan_Test.conditional_scan $",
            "input": "",
            "output": "",
            "comparison": "included",
            "timeout": 1,
            "points": 0
        },
        {
            "name": "RM_Scan_Test.conditional_scan_with_null",
            "setup": "",
            "run": "cd cmake-build-debug && CTEST_OUTPUT_ON_FAILURE=1 ctest . --no-tests=error -R ^RM_Scan_Test.conditional_scan_with_null$",
            "input": "",
            "output": "",
            "comparison": "included",
            "timeout": 1,
            "points": 0
        },
        {
            "name": "RM_Catalog_Scan_Test.catalog_tables_table_check",
            "setup": "",
            "run": "cd cmake-build-debug && CTEST_OUTPUT_ON_FAILURE=1 ctest . --no-tests=error -R ^RM_Catalog_Scan_Test.catalog_tables_table_check$",
            "input": "",
            "output": "",
            "comparison": "included",
            "timeout": 1,
            "points": 0
        },
        {
            "name": "RM_Catalog_Scan_Test.catalog_columns_table_check",
            "setup": "",
            "run": "cd cmake-build-debug && CTEST_OUTPUT_ON_FAILURE=1 ctest . --no-tests=error -R ^RM_Catalog_Scan_Test.catalog_columns_table_check$",
            "input": "",
            "output": "",
            "comparison": "included",
            "timeout": 1,
            "points": 0
        },
        {
            "name": "RM_Version_Test.read_after_drop_attribute",
            "setup": "",
            "run": "cd cmake-build-debug && CTEST_OUTPUT_ON_FAILURE=1 ctest . --no-tests=error -R ^RM_Version_Test.read_after_drop_attribute$",
            "input": "",
            "output": "",
            "comparison": "included",
            "timeout": 1,
            "points": 0
        },
        {
            "name": "RM_Version_Test.read_after_add_attribute",
            "setup": "",
            "run": "cd cmake-build-debug && CTEST_OUTPUT_ON_FAILURE=1 ctest . --no-tests=error -R ^RM_Version_Test.read_after_add_attribute$",
            "input": "",
            "output": "",
            "comparison": "included",
            "timeout": 1,
            "points": 0
        },
        {
          "name": "IX_File_Test.create_open_close_destory_index",
          "setup": "",
          "run": "cd cmake-build-debug && CTEST_OUTPUT_ON_FAILURE=1 ctest . --no-tests=error -R ^IX_File_Test.create_open_close_destory_index",
          "input": "",
          "output": "",
          "comparison": "included",
          "timeout": 1,
          "points": 0
        },
        {
          "name": "IX_Test.insert_one_entry_and_print",
          "setup": "",
          "run": "cd cmake-build-debug && CTEST_OUTPUT_ON_FAILURE=1 ctest . --no-tests=error -R ^IX_Test.insert_one_entry_and_print",
          "input": "",
          "output": "",
          "comparison": "included",
          "timeout": 1,
          "points": 0
        },
        {
          "name": "IX_Test.insert_one_entry_and_scan",
          "setup": "",
          "run": "cd cmake-build-debug && CTEST_OUTPUT_ON_FAILURE=1 ctest . --no-tests=error -R ^IX_Test.insert_one_entry_and_scan",
          "input": "",
          "output": "",
          "comparison": "included",
          "timeout": 1,
          "points": 0
        },
        {
          "name": "IX_Test.insert_and_delete_one_entry",
          "setup": "",
          "run": "cd cmake-build-debug && CTEST_OUTPUT_ON_FAILURE=1 ctest . --no-tests=error -R ^IX_Test.insert_and_delete_one_entry",
          "input": "",
          "output": "",
          "comparison": "included",
          "timeout": 1,
          "points": 0
        },
        {
          "name": "IX_Test.scan_on_destroyed_index",
          "setup": "",
          "run": "cd cmake-build-debug && CTEST_OUTPUT_ON_FAILURE=1 ctest . --no-tests=error -R ^IX_Test.scan_on_destroyed_index",
          "input": "",
          "output": "",
          "comparison": "included",
          "timeout": 1,
          "points": 0
        },
        {
          "name": "IX_Test.scan_by_NO_OP",
          "setup": "",
          "run": "cd cmake-build-debug && CTEST_OUTPUT_ON_FAILURE=1 ctest . --no-tests=error -R ^IX_Test.scan_by_NO_OP",
          "input": "",
          "output": "",
          "comparison": "included",
          "timeout": 5,
          "points": 0
        },
        {
          "name": "IX_Test.scan_by_GE_OP",
          "setup": "",
          "run": "cd cmake-build-debug && CTEST_OUTPUT_ON_FAILURE=1 ctest . --no-tests=error -R ^IX_Test.scan_by_GE_OP",
          "input": "",
          "output": "",
          "comparison": "included",
          "timeout": 5,
          "points": 0
        },
        {
          "name": "IX_Test.scan_by_LT_OP",
          "setup": "",
          "run": "cd cmake-build-debug && CTEST_OUTPUT_ON_FAILURE=1 ctest . --no-tests=error -R ^IX_Test.scan_by_LT_OP",
          "input": "",
          "output": "",
          "comparison": "included",
          "timeout": 5,
          "points": 0
        },
        {
          "name": "IX_Test.scan_by_EQ_OP",
          "setup": "",
          "run": "cd cmake-build-debug && CTEST_OUTPUT_ON_FAILURE=1 ctest . --no-tests=error -R ^IX_Test.scan_by_EQ_OP",
          "input": "",
          "output": "",
          "comparison": "included",
          "timeout": 5,
          "points": 0
        },
        {
          "name": "IX_Test.scan_on_reinserted_entries",
          "setup": "",
          "run": "cd cmake-build-debug && CTEST_OUTPUT_ON_FAILURE=1 ctest . --no-tests=error -R ^IX_Test.scan_on_reinserted_entries",
          "input": "",
          "output": "",
          "comparison": "included",
          "timeout": 15,
          "points": 0
        },
        {
          "name": "IX_Test.scan_to_delete_entries",
          "setup": "",
          "run": "cd cmake-build-debug && CTEST_OUTPUT_ON_FAILURE=1 ctest . --no-tests=error -R ^IX_Test.scan_to_delete_entries",
          "input": "",
          "output": "",
          "comparison": "included",
          "timeout": 15,
          "points": 0
        },
        {
          "name": "IX_Test.scan_varchar_with_compact_size",
          "setup": "",
          "run": "cd cmake-build-debug && CTEST_OUTPUT_ON_FAILURE=1 ctest . --no-tests=error -R ^IX_Test.scan_varchar_with_compact_size",
          "input": "",
          "output": "",
          "comparison": "included",
          "timeout": 15,
          "points": 0
        },
        {
          "name": "IX_Test.split_rotate_and_promote_on_insertion",
          "setup": "",
          "run": "cd cmake-build-debug && CTEST_OUTPUT_ON_FAILURE=1 ctest . --no-tests=error -R ^IX_Test.split_rotate_and_promote_on_insertion",
          "input": "",
          "output": "",
          "comparison": "included",
          "timeout": 2,
          "points": 0
        },
        {
          "name": "IX_Test.duplicate_keys_in_one_page",
          "setup": "",
          "run": "cd cmake-build-debug && CTEST_OUTPUT_ON_FAILURE=1 ctest . --no-tests=error -R ^IX_Test.duplicate_keys_in_one_page",
          "input": "",
          "output": "",
          "comparison": "included",
          "timeout": 2,
          "points": 0
        },
        {
          "name": "IX_Test.extra_duplicate_keys_span_multiple_pages",
          "setup": "",
          "run": "cd cmake-build-debug && CTEST_OUTPUT_ON_FAILURE=1 ctest . --no-tests=error -R ^IX_Test.extra_duplicate_keys_span_multiple_pages",
          "input": "",
          "output": "",
          "comparison": "included",
          "timeout": 5,
          "points": 0
        },
        {
          "name": "IX_Test.extra_merge_on_deletion",
          "setup": "",
          "run": "cd cmake-build-debug && CTEST_OUTPUT_ON_FAILURE=1 ctest . --no-tests=error -R ^IX_Test.extra_merge_on_deletion",
          "input": "",
          "output": "",
          "comparison": "included",
          "timeout": 2,
          "points": 0
        }
    ]
}